<?xml version="1.0" encoding="UTF-8"?>
<!-- Generated by org.testng.reporters.JUnitReportReporter -->
<testsuite hostname="Kartik-PC" failures="0" tests="2" name="com.testingshastra.uitests.homepagetests.Travel" time="22.705" errors="0" timestamp="2022-01-14T18:44:50 IST" skipped="0">
  <testcase classname="com.testingshastra.uitests.homepagetests.Travel" name="verifyErrorOnSelectingSameCitiesasSourcsAndDestination" time="19.112"/>
  <system-out/>
  <testcase classname="com.testingshastra.uitests.homepagetests.Travel" name="VerifySeachResulTfORShoes" time="3.593"/>
  <system-out/>
</testsuite> <!-- com.testingshastra.uitests.homepagetests.Travel -->
