<?xml version="1.0" encoding="UTF-8"?>
<!-- Generated by org.testng.reporters.JUnitReportReporter -->
<testsuite hostname="Kartik-PC" failures="0" tests="2" name="com.testingshastra.uitests.homepagetests.Travel" time="21.745" errors="0" timestamp="2022-01-14T18:59:09 IST" skipped="0">
  <testcase classname="com.testingshastra.uitests.homepagetests.Travel" name="VerifySeachResulTfORShoes" time="4.196"/>
  <system-out/>
  <testcase classname="com.testingshastra.uitests.homepagetests.Travel" name="verifyErrorOnSelectingSameCitiesasSourcsAndDestination" time="17.549"/>
  <system-out/>
</testsuite> <!-- com.testingshastra.uitests.homepagetests.Travel -->
